Arguments: 
  /home/jason/.nvm/versions/node/v13.11.0/bin/node /home/jason/.yarn/bin/yarn.js add node_modules

PATH: 
  /home/jason/.nvm/versions/node/v13.11.0/lib/node_modules/npm/node_modules/npm-lifecycle/node-gyp-bin:/home/jason/Projects/dev-academy/courses/programming/1-foundations-javascript/node_modules/.bin:/home/jason/.yarn/bin:/home/jason/.config/yarn/global/node_modules/.bin:/home/jason/.rbenv/shims:/home/jason/.rbenv/bin:/home/jason/.pyenv/plugins/pyenv-virtualenv/shims:/home/jason/.pyenv/shims:/home/jason/.pyenv/bin:/home/jason/.local/opt/bin:/home/jason/bin:/home/jason/.local/bin:/home/jason/.vscode-server/bin/0ba0ca52957102ca3527cf479571617f0de6ed50/bin:/home/jason/.local/bin:/home/jason/bin:/home/jason/.sdkman/candidates/java/current/bin:/home/jason/.yarn/bin:/home/jason/.config/yarn/global/node_modules/.bin:/home/jason/.nvm/versions/node/v13.11.0/bin:/home/jason/.rbenv/shims:/home/jason/.rbenv/bin:/home/jason/.pyenv/plugins/pyenv-virtualenv/shims:/home/jason/.pyenv/shims:/home/jason/.pyenv/bin:/home/jason/.local/opt/bin:/home/jason/bin:/home/jason/.local/bin:/usr/local/sbin:/usr/local/bin:/usr/sbin:/usr/bin:/sbin:/bin:/usr/games:/usr/local/games:/mnt/c/Program Files/ConEmu/ConEmu/Scripts:/mnt/c/Program Files/ConEmu:/mnt/c/Program Files/ConEmu/ConEmu:/mnt/c/Program Files/Racket:/mnt/c/Program Files/Haskell Platform/8.6.5/lib/extralibs/bin:/mnt/c/Program Files/Haskell Platform/8.6.5/bin:/mnt/c/WINDOWS/system32:/mnt/c/WINDOWS:/mnt/c/WINDOWS/System32/Wbem:/mnt/c/WINDOWS/System32/WindowsPowerShell/v1.0/:/mnt/c/WINDOWS/System32/OpenSSH/:/mnt/c/ProgramData/chocolatey/bin:/mnt/c/Program Files/Calibre2/:/mnt/c/Program Files/Git/cmd:/mnt/c/Program Files/Microsoft SQL Server/Client SDK/ODBC/170/Tools/Binn/:/mnt/c/Program Files (x86)/Microsoft SQL Server/150/Tools/Binn/:/mnt/c/Program Files/Microsoft SQL Server/150/Tools/Binn/:/mnt/c/Program Files/Microsoft SQL Server/150/DTS/Binn/:/mnt/c/Program Files/Microsoft SQL Server/130/Tools/Binn/:/mnt/c/Program Files/nodejs/:/mnt/c/PulseAudio/bin:/mnt/c/Program Files/dotnet/:/mnt/c/Program Files (x86)/GtkSharp/2.12/bin:/mnt/c/Program Files/Mono/bin/:/mnt/c/HashiCorp/Vagrant/bin:/mnt/c/Program Files/Docker/Docker/resources/bin:/mnt/c/ProgramData/DockerDesktop/version-bin:/mnt/c/Program Files (x86)/Microsoft Visual Studio/2019/Community/Common7/IDE:/mnt/c/Program Files/PowerShell/6/:/mnt/c/Program Files/Haskell Platform/8.6.5/mingw/bin:/mnt/c/Program Files/Microsoft VS Code/bin:/mnt/c/Users/jason/AppData/Roaming/cabal/bin:/mnt/c/Users/jason/AppData/Roaming/local/bin:/mnt/c/Users/jason/AppData/Local/Microsoft/WindowsApps:/mnt/c/Program Files/Oracle/VirtualBox:/mnt/c/Users/jason/AppData/Roaming/npm:/mnt/c/Users/jason/.dotnet/tools:/mnt/c/Program Files/Docker Toolbox:/mnt/c/Program Files (x86)/FAHClient:/home/jason/.dotnet/tools

Yarn version: 
  1.22.0

Node version: 
  13.11.0

Platform: 
  linux x64

Trace: 
  Error: https://registry.npmjs.org/node_modules: Not found
      at Request.params.callback [as _callback] (/home/jason/.yarn/lib/cli.js:66975:18)
      at Request.self.callback (/home/jason/.yarn/lib/cli.js:140727:22)
      at Request.emit (events.js:315:20)
      at Request.<anonymous> (/home/jason/.yarn/lib/cli.js:141699:10)
      at Request.emit (events.js:315:20)
      at IncomingMessage.<anonymous> (/home/jason/.yarn/lib/cli.js:141621:12)
      at Object.onceWrapper (events.js:421:28)
      at IncomingMessage.emit (events.js:327:22)
      at endReadableNT (_stream_readable.js:1201:12)
      at processTicksAndRejections (internal/process/task_queues.js:84:21)

npm manifest: 
  {
    "name": "foundations-of-programming-in-javascript",
    "version": "1.0.0",
    "description": "Intro to programming course using JavaScript",
    "main": "docs/js/app.js",
    "directories": {
      "doc": "docs"
    },
    "scripts": {
      "test": "echo \"Error: no test specified\" && exit 1",
      "start": "parcel watch lib/js/app.js --out-dir docs/js",
      "build": "parcel build lib/js/app.js --out-dir docs/js"
    },
    "repository": {
      "type": "git",
      "url": "git+https://github.com/jasonsbarr/foundations-of-programming-javascript.git"
    },
    "keywords": [
      "tutorial",
      "course",
      "javascript"
    ],
    "author": "Jason Barr <me@jasonbarr.dev>",
    "license": "MIT",
    "bugs": {
      "url": "https://github.com/jasonsbarr/foundations-of-programming-javascript/issues"
    },
    "homepage": "https://github.com/jasonsbarr/foundations-of-programming-javascript#readme",
    "devDependencies": {
      "parcel-bundler": "^1.12.4"
    },
    "dependencies": {
      "codemirror": "^5.52.2"
    }
  }

yarn manifest: 
  No manifest

Lockfile: 
  No lockfile
